#! /usr/bin/vvp
:ivl_version "10.3 (stable)";
:ivl_delay_selection "TYPICAL";
:vpi_time_precision + 0;
:vpi_module "system";
:vpi_module "vhdl_sys";
:vpi_module "v2005_math";
:vpi_module "va_math";
S_0x5564cae61d50 .scope module, "cntMod4" "cntMod4" 2 6;
 .timescale 0 0;
    .port_info 0 /OUTPUT 2 "out"
    .port_info 1 /INPUT 1 "in"
    .port_info 2 /INPUT 1 "clk"
o0x7f67192b1018 .functor BUFZ 1, C4<z>; HiZ drive
v0x5564cae908f0_0 .net "clk", 0 0, o0x7f67192b1018;  0 drivers
o0x7f67192b16a8 .functor BUFZ 1, C4<z>; HiZ drive
v0x5564cae90990_0 .net "in", 0 0, o0x7f67192b16a8;  0 drivers
v0x5564cae90aa0_0 .net "out", 1 0, L_0x5564caea2240;  1 drivers
v0x5564cae90b90_0 .net "r2s", 1 0, v0x5564cae8c610_0;  1 drivers
v0x5564cae90c30_0 .net "s2r", 1 0, L_0x5564caea1810;  1 drivers
S_0x5564cae61920 .scope module, "rg" "r" 2 12, 3 1 0, S_0x5564cae61d50;
 .timescale 0 0;
    .port_info 0 /OUTPUT 2 "z"
    .port_info 1 /INPUT 2 "x"
    .port_info 2 /INPUT 1 "en"
    .port_info 3 /INPUT 1 "clk"
P_0x5564cae5ffb0 .param/l "N" 0 3 4, +C4<00000000000000000000000000000010>;
v0x5564cae60760_0 .net "clk", 0 0, o0x7f67192b1018;  alias, 0 drivers
v0x5564cae8c550_0 .net "en", 0 0, o0x7f67192b1018;  alias, 0 drivers
v0x5564cae8c610_0 .var "s", 1 0;
v0x5564cae8c6b0_0 .net "x", 1 0, L_0x5564caea1810;  alias, 1 drivers
v0x5564cae8c770_0 .net "z", 1 0, v0x5564cae8c610_0;  alias, 1 drivers
E_0x5564cae70d40 .event posedge, v0x5564cae60760_0;
S_0x5564cae8c920 .scope module, "state" "s" 2 13, 4 1 0, S_0x5564cae61d50;
 .timescale 0 0;
    .port_info 0 /OUTPUT 2 "out"
    .port_info 1 /INPUT 2 "s"
    .port_info 2 /INPUT 1 "in"
L_0x5564cae90f90 .functor BUFZ 1, o0x7f67192b16a8, C4<0>, C4<0>, C4<0>;
L_0x7f6719268018 .functor BUFT 1, C4<0>, C4<0>, C4<0>, C4<0>;
v0x5564cae8e1d0_0 .net/2s *"_s2", 0 0, L_0x7f6719268018;  1 drivers
v0x5564cae8e2d0_0 .net *"_s8", 0 0, L_0x5564cae90f90;  1 drivers
o0x7f67192b11c8 .functor BUFZ 1, C4<z>; HiZ drive
v0x5564cae8e3b0_0 .net "dr2", 0 0, o0x7f67192b11c8;  0 drivers
v0x5564cae8e4a0_0 .net "dummy_r", 0 0, L_0x5564caea15c0;  1 drivers
v0x5564cae8e590_0 .net "ext_in", 1 0, L_0x5564cae90e30;  1 drivers
v0x5564cae8e680_0 .net "in", 0 0, o0x7f67192b16a8;  alias, 0 drivers
v0x5564cae8e720_0 .net "out", 1 0, L_0x5564caea1810;  alias, 1 drivers
v0x5564cae8e830_0 .net "s", 1 0, v0x5564cae8c610_0;  alias, 1 drivers
L_0x5564cae90e30 .concat8 [ 1 1 0 0], L_0x5564cae90f90, L_0x7f6719268018;
S_0x5564cae8cb60 .scope module, "add" "add2" 4 12, 5 1 0, S_0x5564cae8c920;
 .timescale 0 0;
    .port_info 0 /OUTPUT 1 "riporto"
    .port_info 1 /OUTPUT 2 "somma"
    .port_info 2 /INPUT 1 "ripin"
    .port_info 3 /INPUT 2 "x1"
    .port_info 4 /INPUT 2 "x2"
v0x5564cae8dc40_0 .net "rip_to_rip", 0 0, L_0x5564cae91090;  1 drivers
v0x5564cae8dd50_0 .net "ripin", 0 0, o0x7f67192b11c8;  alias, 0 drivers
v0x5564cae8de10_0 .net "riporto", 0 0, L_0x5564caea15c0;  alias, 1 drivers
v0x5564cae8dee0_0 .net "somma", 1 0, L_0x5564caea1810;  alias, 1 drivers
v0x5564cae8dfb0_0 .net "x1", 1 0, v0x5564cae8c610_0;  alias, 1 drivers
v0x5564cae8e0a0_0 .net "x2", 1 0, L_0x5564cae90e30;  alias, 1 drivers
L_0x5564caea1480 .part v0x5564cae8c610_0, 0, 1;
L_0x5564caea1520 .part L_0x5564cae90e30, 0, 1;
L_0x5564caea1810 .concat8 [ 1 1 0 0], L_0x5564caea11f0, L_0x5564caea16f0;
L_0x5564caea1990 .part v0x5564cae8c610_0, 1, 1;
L_0x5564caea1a60 .part L_0x5564cae90e30, 1, 1;
S_0x5564cae8cdd0 .scope module, "fa0" "fulladder" 5 5, 6 1 0, S_0x5564cae8cb60;
 .timescale 0 0;
    .port_info 0 /OUTPUT 1 "riporto"
    .port_info 1 /OUTPUT 1 "somma"
    .port_info 2 /INPUT 1 "rpin"
    .port_info 3 /INPUT 1 "x1"
    .port_info 4 /INPUT 1 "x2"
UDP_fadd_rip .udp/comb "fadd_rip", 3
 ,"0000"
 ,"0010"
 ,"0100"
 ,"0111"
 ,"1000"
 ,"1011"
 ,"1101"
 ,"1111";
L_0x5564cae91090 .udp UDP_fadd_rip, o0x7f67192b11c8, L_0x5564caea1480, L_0x5564caea1520;
UDP_fadd_somma .udp/comb "fadd_somma", 3
 ,"0000"
 ,"0011"
 ,"0101"
 ,"0110"
 ,"1001"
 ,"1010"
 ,"1100"
 ,"1111";
L_0x5564caea11f0 .udp UDP_fadd_somma, o0x7f67192b11c8, L_0x5564caea1480, L_0x5564caea1520;
v0x5564cae8d040_0 .net "riporto", 0 0, L_0x5564cae91090;  alias, 1 drivers
v0x5564cae8d120_0 .net "rpin", 0 0, o0x7f67192b11c8;  alias, 0 drivers
v0x5564cae8d1e0_0 .net "somma", 0 0, L_0x5564caea11f0;  1 drivers
v0x5564cae8d2b0_0 .net "x1", 0 0, L_0x5564caea1480;  1 drivers
v0x5564cae8d370_0 .net "x2", 0 0, L_0x5564caea1520;  1 drivers
S_0x5564cae8d520 .scope module, "fa1" "fulladder" 5 6, 6 1 0, S_0x5564cae8cb60;
 .timescale 0 0;
    .port_info 0 /OUTPUT 1 "riporto"
    .port_info 1 /OUTPUT 1 "somma"
    .port_info 2 /INPUT 1 "rpin"
    .port_info 3 /INPUT 1 "x1"
    .port_info 4 /INPUT 1 "x2"
L_0x5564caea15c0 .udp UDP_fadd_rip, L_0x5564cae91090, L_0x5564caea1990, L_0x5564caea1a60;
L_0x5564caea16f0 .udp UDP_fadd_somma, L_0x5564cae91090, L_0x5564caea1990, L_0x5564caea1a60;
v0x5564cae8d790_0 .net "riporto", 0 0, L_0x5564caea15c0;  alias, 1 drivers
v0x5564cae8d850_0 .net "rpin", 0 0, L_0x5564cae91090;  alias, 1 drivers
v0x5564cae8d940_0 .net "somma", 0 0, L_0x5564caea16f0;  1 drivers
v0x5564cae8da10_0 .net "x1", 0 0, L_0x5564caea1990;  1 drivers
v0x5564cae8dab0_0 .net "x2", 0 0, L_0x5564caea1a60;  1 drivers
S_0x5564cae8e9c0 .scope module, "z_mod" "z" 2 14, 7 1 0, S_0x5564cae61d50;
 .timescale 0 0;
    .port_info 0 /OUTPUT 2 "out"
    .port_info 1 /INPUT 2 "s"
    .port_info 2 /INPUT 1 "in"
L_0x5564caea1bf0 .functor BUFZ 1, o0x7f67192b16a8, C4<0>, C4<0>, C4<0>;
L_0x7f6719268060 .functor BUFT 1, C4<0>, C4<0>, C4<0>, C4<0>;
v0x5564cae90200_0 .net/2s *"_s2", 0 0, L_0x7f6719268060;  1 drivers
v0x5564cae90300_0 .net *"_s8", 0 0, L_0x5564caea1bf0;  1 drivers
o0x7f67192b1798 .functor BUFZ 1, C4<z>; HiZ drive
v0x5564cae903e0_0 .net "dr2", 0 0, o0x7f67192b1798;  0 drivers
v0x5564cae904d0_0 .net "dummy_r", 0 0, L_0x5564caea1ff0;  1 drivers
v0x5564cae905c0_0 .net "ext_in", 1 0, L_0x5564caea1b00;  1 drivers
v0x5564cae906b0_0 .net "in", 0 0, o0x7f67192b16a8;  alias, 0 drivers
v0x5564cae90750_0 .net "out", 1 0, L_0x5564caea2240;  alias, 1 drivers
v0x5564cae907f0_0 .net "s", 1 0, v0x5564cae8c610_0;  alias, 1 drivers
L_0x5564caea1b00 .concat8 [ 1 1 0 0], L_0x5564caea1bf0, L_0x7f6719268060;
S_0x5564cae8ebe0 .scope module, "add" "add2" 7 12, 5 1 0, S_0x5564cae8e9c0;
 .timescale 0 0;
    .port_info 0 /OUTPUT 1 "riporto"
    .port_info 1 /OUTPUT 2 "somma"
    .port_info 2 /INPUT 1 "ripin"
    .port_info 3 /INPUT 2 "x1"
    .port_info 4 /INPUT 2 "x2"
v0x5564cae8fc70_0 .net "rip_to_rip", 0 0, L_0x5564caea1d40;  1 drivers
v0x5564cae8fd80_0 .net "ripin", 0 0, o0x7f67192b1798;  alias, 0 drivers
v0x5564cae8fe40_0 .net "riporto", 0 0, L_0x5564caea1ff0;  alias, 1 drivers
v0x5564cae8ff10_0 .net "somma", 1 0, L_0x5564caea2240;  alias, 1 drivers
v0x5564cae8ffb0_0 .net "x1", 1 0, v0x5564cae8c610_0;  alias, 1 drivers
v0x5564cae900a0_0 .net "x2", 1 0, L_0x5564caea1b00;  alias, 1 drivers
L_0x5564caea1eb0 .part v0x5564cae8c610_0, 0, 1;
L_0x5564caea1f50 .part L_0x5564caea1b00, 0, 1;
L_0x5564caea2240 .concat8 [ 1 1 0 0], L_0x5564caea1db0, L_0x5564caea2120;
L_0x5564caea2380 .part v0x5564cae8c610_0, 1, 1;
L_0x5564caea2450 .part L_0x5564caea1b00, 1, 1;
S_0x5564cae8ee30 .scope module, "fa0" "fulladder" 5 5, 6 1 0, S_0x5564cae8ebe0;
 .timescale 0 0;
    .port_info 0 /OUTPUT 1 "riporto"
    .port_info 1 /OUTPUT 1 "somma"
    .port_info 2 /INPUT 1 "rpin"
    .port_info 3 /INPUT 1 "x1"
    .port_info 4 /INPUT 1 "x2"
L_0x5564caea1d40 .udp UDP_fadd_rip, o0x7f67192b1798, L_0x5564caea1eb0, L_0x5564caea1f50;
L_0x5564caea1db0 .udp UDP_fadd_somma, o0x7f67192b1798, L_0x5564caea1eb0, L_0x5564caea1f50;
v0x5564cae8f0a0_0 .net "riporto", 0 0, L_0x5564caea1d40;  alias, 1 drivers
v0x5564cae8f180_0 .net "rpin", 0 0, o0x7f67192b1798;  alias, 0 drivers
v0x5564cae8f240_0 .net "somma", 0 0, L_0x5564caea1db0;  1 drivers
v0x5564cae8f2e0_0 .net "x1", 0 0, L_0x5564caea1eb0;  1 drivers
v0x5564cae8f3a0_0 .net "x2", 0 0, L_0x5564caea1f50;  1 drivers
S_0x5564cae8f550 .scope module, "fa1" "fulladder" 5 6, 6 1 0, S_0x5564cae8ebe0;
 .timescale 0 0;
    .port_info 0 /OUTPUT 1 "riporto"
    .port_info 1 /OUTPUT 1 "somma"
    .port_info 2 /INPUT 1 "rpin"
    .port_info 3 /INPUT 1 "x1"
    .port_info 4 /INPUT 1 "x2"
L_0x5564caea1ff0 .udp UDP_fadd_rip, L_0x5564caea1d40, L_0x5564caea2380, L_0x5564caea2450;
L_0x5564caea2120 .udp UDP_fadd_somma, L_0x5564caea1d40, L_0x5564caea2380, L_0x5564caea2450;
v0x5564cae8f7c0_0 .net "riporto", 0 0, L_0x5564caea1ff0;  alias, 1 drivers
v0x5564cae8f880_0 .net "rpin", 0 0, L_0x5564caea1d40;  alias, 1 drivers
v0x5564cae8f970_0 .net "somma", 0 0, L_0x5564caea2120;  1 drivers
v0x5564cae8fa40_0 .net "x1", 0 0, L_0x5564caea2380;  1 drivers
v0x5564cae8fae0_0 .net "x2", 0 0, L_0x5564caea2450;  1 drivers
    .scope S_0x5564cae61920;
T_0 ;
    %pushi/vec4 0, 0, 2;
    %store/vec4 v0x5564cae8c610_0, 0, 2;
    %end;
    .thread T_0;
    .scope S_0x5564cae61920;
T_1 ;
    %wait E_0x5564cae70d40;
    %load/vec4 v0x5564cae8c550_0;
    %pad/u 32;
    %cmpi/e 1, 0, 32;
    %jmp/0xz  T_1.0, 4;
    %load/vec4 v0x5564cae8c6b0_0;
    %store/vec4 v0x5564cae8c610_0, 0, 2;
T_1.0 ;
    %jmp T_1;
    .thread T_1;
# The file index is used to find the file name in the following table.
:file_names 8;
    "N/A";
    "<interactive>";
    "cntMod4.v";
    "r.v";
    "s.v";
    "add2.v";
    "fadd.v";
    "z.v";
