#! /usr/bin/vvp
:ivl_version "10.3 (stable)";
:ivl_delay_selection "TYPICAL";
:vpi_time_precision + 0;
:vpi_module "system";
:vpi_module "vhdl_sys";
:vpi_module "v2005_math";
:vpi_module "va_math";
S_0x55e72becfd20 .scope module, "testDflipflop" "testDflipflop" 2 1;
 .timescale 0 0;
v0x55e72beebd90_0 .var "clock", 0 0;
v0x55e72beebea0_0 .var "d", 0 0;
v0x55e72beebfb0_0 .net "notq", 0 0, L_0x55e72beecf80;  1 drivers
v0x55e72beec050_0 .net "q", 0 0, L_0x55e72beece80;  1 drivers
S_0x55e72becfea0 .scope module, "dlatch" "Dflipflop" 2 6, 3 1 0, S_0x55e72becfd20;
 .timescale 0 0;
    .port_info 0 /OUTPUT 1 "q"
    .port_info 1 /OUTPUT 1 "notq"
    .port_info 2 /INPUT 1 "clock"
    .port_info 3 /INPUT 1 "d"
L_0x55e72beec0f0 .functor NOT 1, v0x55e72beebd90_0, C4<0>, C4<0>, C4<0>;
v0x55e72beeb790_0 .net "clock", 0 0, v0x55e72beebd90_0;  1 drivers
v0x55e72beeb830_0 .net "d", 0 0, v0x55e72beebea0_0;  1 drivers
v0x55e72beeb900_0 .net "dummy", 0 0, L_0x55e72beec800;  1 drivers
v0x55e72beeba20_0 .net "n1", 0 0, L_0x55e72beec700;  1 drivers
v0x55e72beebac0_0 .net "notclock", 0 0, L_0x55e72beec0f0;  1 drivers
v0x55e72beebbb0_0 .net "notq", 0 0, L_0x55e72beecf80;  alias, 1 drivers
v0x55e72beebca0_0 .net "q", 0 0, L_0x55e72beece80;  alias, 1 drivers
S_0x55e72bed1930 .scope module, "master" "D" 3 11, 4 1 0, S_0x55e72becfea0;
 .timescale 0 0;
    .port_info 0 /OUTPUT 1 "q"
    .port_info 1 /OUTPUT 1 "nq"
    .port_info 2 /INPUT 1 "clock"
    .port_info 3 /INPUT 1 "d"
L_0x55e72beec1b0 .functor NOT 1, v0x55e72beebea0_0, C4<0>, C4<0>, C4<0>;
L_0x55e72beec240 .functor AND 1, L_0x55e72beec0f0, L_0x55e72beec1b0, C4<1>, C4<1>;
L_0x55e72beec370 .functor AND 1, L_0x55e72beec0f0, v0x55e72beebea0_0, C4<1>, C4<1>;
v0x55e72bee9ff0_0 .net *"_s0", 0 0, L_0x55e72beec1b0;  1 drivers
v0x55e72beea0f0_0 .net "clock", 0 0, L_0x55e72beec0f0;  alias, 1 drivers
v0x55e72beea1b0_0 .net "d", 0 0, v0x55e72beebea0_0;  alias, 1 drivers
v0x55e72beea250_0 .net "nq", 0 0, L_0x55e72beec800;  alias, 1 drivers
v0x55e72beea2f0_0 .net "q", 0 0, L_0x55e72beec700;  alias, 1 drivers
v0x55e72beea3e0_0 .net "r", 0 0, L_0x55e72beec240;  1 drivers
v0x55e72beea4b0_0 .net "s", 0 0, L_0x55e72beec370;  1 drivers
S_0x55e72bed1b70 .scope module, "sr" "SR" 4 11, 5 1 0, S_0x55e72bed1930;
 .timescale 0 0;
    .port_info 0 /OUTPUT 1 "q"
    .port_info 1 /OUTPUT 1 "nq"
    .port_info 2 /INPUT 1 "s"
    .port_info 3 /INPUT 1 "r"
L_0x55e72beec450 .functor OR 1, L_0x55e72beec240, L_0x55e72beec5c0, C4<0>, C4<0>;
L_0x55e72beec4e0 .functor OR 1, L_0x55e72beec370, L_0x55e72beec550, C4<0>, C4<0>;
L_0x55e72beec550 .functor NOT 1, L_0x55e72beec450, C4<0>, C4<0>, C4<0>;
L_0x55e72beec5c0 .functor NOT 1, L_0x55e72beec4e0, C4<0>, C4<0>, C4<0>;
L_0x55e72beec700 .functor BUFZ 1, L_0x55e72beec550, C4<0>, C4<0>, C4<0>;
L_0x55e72beec800 .functor BUFZ 1, L_0x55e72beec5c0, C4<0>, C4<0>, C4<0>;
v0x55e72bec03d0_0 .net "nq", 0 0, L_0x55e72beec800;  alias, 1 drivers
v0x55e72bee9a00_0 .net "nw1", 0 0, L_0x55e72beec550;  1 drivers
v0x55e72bee9ac0_0 .net "nw2", 0 0, L_0x55e72beec5c0;  1 drivers
v0x55e72bee9b60_0 .net "q", 0 0, L_0x55e72beec700;  alias, 1 drivers
v0x55e72bee9c20_0 .net "r", 0 0, L_0x55e72beec240;  alias, 1 drivers
v0x55e72bee9d30_0 .net "s", 0 0, L_0x55e72beec370;  alias, 1 drivers
v0x55e72bee9df0_0 .net "w1", 0 0, L_0x55e72beec450;  1 drivers
v0x55e72bee9eb0_0 .net "w2", 0 0, L_0x55e72beec4e0;  1 drivers
S_0x55e72beea5b0 .scope module, "slave" "D" 3 12, 4 1 0, S_0x55e72becfea0;
 .timescale 0 0;
    .port_info 0 /OUTPUT 1 "q"
    .port_info 1 /OUTPUT 1 "nq"
    .port_info 2 /INPUT 1 "clock"
    .port_info 3 /INPUT 1 "d"
L_0x55e72beec8d0 .functor NOT 1, L_0x55e72beec700, C4<0>, C4<0>, C4<0>;
L_0x55e72beec960 .functor AND 1, v0x55e72beebd90_0, L_0x55e72beec8d0, C4<1>, C4<1>;
L_0x55e72beeca80 .functor AND 1, v0x55e72beebd90_0, L_0x55e72beec700, C4<1>, C4<1>;
v0x55e72beeb180_0 .net *"_s0", 0 0, L_0x55e72beec8d0;  1 drivers
v0x55e72beeb280_0 .net "clock", 0 0, v0x55e72beebd90_0;  alias, 1 drivers
v0x55e72beeb340_0 .net "d", 0 0, L_0x55e72beec700;  alias, 1 drivers
v0x55e72beeb430_0 .net "nq", 0 0, L_0x55e72beecf80;  alias, 1 drivers
v0x55e72beeb4d0_0 .net "q", 0 0, L_0x55e72beece80;  alias, 1 drivers
v0x55e72beeb5c0_0 .net "r", 0 0, L_0x55e72beec960;  1 drivers
v0x55e72beeb690_0 .net "s", 0 0, L_0x55e72beeca80;  1 drivers
S_0x55e72beea810 .scope module, "sr" "SR" 4 11, 5 1 0, S_0x55e72beea5b0;
 .timescale 0 0;
    .port_info 0 /OUTPUT 1 "q"
    .port_info 1 /OUTPUT 1 "nq"
    .port_info 2 /INPUT 1 "s"
    .port_info 3 /INPUT 1 "r"
L_0x55e72beecb60 .functor OR 1, L_0x55e72beec960, L_0x55e72beecd70, C4<0>, C4<0>;
L_0x55e72beecbf0 .functor OR 1, L_0x55e72beeca80, L_0x55e72beecc60, C4<0>, C4<0>;
L_0x55e72beecc60 .functor NOT 1, L_0x55e72beecb60, C4<0>, C4<0>, C4<0>;
L_0x55e72beecd70 .functor NOT 1, L_0x55e72beecbf0, C4<0>, C4<0>, C4<0>;
L_0x55e72beece80 .functor BUFZ 1, L_0x55e72beecc60, C4<0>, C4<0>, C4<0>;
L_0x55e72beecf80 .functor BUFZ 1, L_0x55e72beecd70, C4<0>, C4<0>, C4<0>;
v0x55e72beeaa80_0 .net "nq", 0 0, L_0x55e72beecf80;  alias, 1 drivers
v0x55e72beeab60_0 .net "nw1", 0 0, L_0x55e72beecc60;  1 drivers
v0x55e72beeac20_0 .net "nw2", 0 0, L_0x55e72beecd70;  1 drivers
v0x55e72beeacf0_0 .net "q", 0 0, L_0x55e72beece80;  alias, 1 drivers
v0x55e72beeadb0_0 .net "r", 0 0, L_0x55e72beec960;  alias, 1 drivers
v0x55e72beeaec0_0 .net "s", 0 0, L_0x55e72beeca80;  alias, 1 drivers
v0x55e72beeaf80_0 .net "w1", 0 0, L_0x55e72beecb60;  1 drivers
v0x55e72beeb040_0 .net "w2", 0 0, L_0x55e72beecbf0;  1 drivers
    .scope S_0x55e72becfd20;
T_0 ;
    %delay 1, 0;
    %load/vec4 v0x55e72beebd90_0;
    %inv;
    %store/vec4 v0x55e72beebd90_0, 0, 1;
    %jmp T_0;
    .thread T_0;
    .scope S_0x55e72becfd20;
T_1 ;
    %vpi_call 2 15 "$dumpfile", "test.vcd" {0 0 0};
    %vpi_call 2 16 "$dumpvars" {0 0 0};
    %pushi/vec4 0, 0, 1;
    %store/vec4 v0x55e72beebd90_0, 0, 1;
    %pushi/vec4 0, 0, 1;
    %store/vec4 v0x55e72beebea0_0, 0, 1;
    %pushi/vec4 1, 0, 1;
    %store/vec4 v0x55e72beebea0_0, 0, 1;
    %delay 2, 0;
    %pushi/vec4 0, 0, 1;
    %store/vec4 v0x55e72beebea0_0, 0, 1;
    %delay 2, 0;
    %pushi/vec4 1, 0, 1;
    %store/vec4 v0x55e72beebea0_0, 0, 1;
    %delay 5, 0;
    %vpi_call 2 27 "$finish" {0 0 0};
    %end;
    .thread T_1;
# The file index is used to find the file name in the following table.
:file_names 6;
    "N/A";
    "<interactive>";
    "testDflipflop.v";
    "Dflipflop.v";
    "SR.v";
    "lSR.v";
