#! /usr/bin/vvp
:ivl_version "10.3 (stable)";
:ivl_delay_selection "TYPICAL";
:vpi_time_precision + 0;
:vpi_module "system";
:vpi_module "vhdl_sys";
:vpi_module "v2005_math";
:vpi_module "va_math";
S_0x5606e6dc16f0 .scope module, "cntMod4" "cntMod4" 2 6;
 .timescale 0 0;
    .port_info 0 /OUTPUT 2 "out"
    .port_info 1 /INPUT 1 "in"
    .port_info 2 /INPUT 1 "clk"
o0x7ff28ef15018 .functor BUFZ 1, C4<z>; HiZ drive
v0x5606e6ddd9d0_0 .net "clk", 0 0, o0x7ff28ef15018;  0 drivers
o0x7ff28ef15588 .functor BUFZ 1, C4<z>; HiZ drive
v0x5606e6dddac0_0 .net "in", 0 0, o0x7ff28ef15588;  0 drivers
v0x5606e6dddb80_0 .net "out", 1 0, L_0x5606e6ddf510;  1 drivers
v0x5606e6dddc50_0 .net "r2s", 1 0, v0x5606e6ddb930_0;  1 drivers
v0x5606e6dddcf0_0 .net "s2r", 1 0, L_0x5606e6ddeca0;  1 drivers
S_0x5606e6dc18c0 .scope module, "rg" "r" 2 12, 3 1 0, S_0x5606e6dc16f0;
 .timescale 0 0;
    .port_info 0 /OUTPUT 2 "z"
    .port_info 1 /INPUT 2 "x"
    .port_info 2 /INPUT 1 "en"
    .port_info 3 /INPUT 1 "clk"
P_0x5606e6dc3900 .param/l "N" 0 3 4, +C4<00000000000000000000000000000010>;
v0x5606e6db5010_0 .net "clk", 0 0, o0x7ff28ef15018;  alias, 0 drivers
v0x5606e6ddb840_0 .net "en", 0 0, o0x7ff28ef15018;  alias, 0 drivers
v0x5606e6ddb930_0 .var "s", 1 0;
v0x5606e6ddba00_0 .net "x", 1 0, L_0x5606e6ddeca0;  alias, 1 drivers
v0x5606e6ddbac0_0 .net "z", 1 0, v0x5606e6ddb930_0;  alias, 1 drivers
E_0x5606e6d8ba70 .event posedge, v0x5606e6db5010_0;
S_0x5606e6ddbc70 .scope module, "state" "s" 2 13, 4 1 0, S_0x5606e6dc16f0;
 .timescale 0 0;
    .port_info 0 /OUTPUT 2 "out"
    .port_info 1 /INPUT 2 "state"
    .port_info 2 /INPUT 1 "in"
L_0x5606e6dddfa0 .functor NOT 1, L_0x5606e6dddf00, C4<0>, C4<0>, C4<0>;
L_0x5606e6dde100 .functor AND 1, L_0x5606e6dddfa0, L_0x5606e6dde060, C4<1>, C4<1>;
L_0x5606e6dde240 .functor AND 1, L_0x5606e6dde100, o0x7ff28ef15588, C4<1>, C4<1>;
L_0x5606e6dde5d0 .functor NOT 1, L_0x5606e6dde3f0, C4<0>, C4<0>, C4<0>;
L_0x5606e6dde6c0 .functor AND 1, L_0x5606e6dde350, L_0x5606e6dde5d0, C4<1>, C4<1>;
L_0x5606e6dde7d0 .functor OR 1, L_0x5606e6dde240, L_0x5606e6dde6c0, C4<0>, C4<0>;
L_0x5606e6dde9c0 .functor NOT 1, o0x7ff28ef15588, C4<0>, C4<0>, C4<0>;
L_0x5606e6ddea30 .functor AND 1, L_0x5606e6dde920, L_0x5606e6dde9c0, C4<1>, C4<1>;
L_0x5606e6ddeb90 .functor OR 1, L_0x5606e6dde7d0, L_0x5606e6ddea30, C4<0>, C4<0>;
L_0x5606e6ddee70 .functor NOT 1, L_0x5606e6ddedd0, C4<0>, C4<0>, C4<0>;
L_0x5606e6ddef90 .functor AND 1, L_0x5606e6ddee70, o0x7ff28ef15588, C4<1>, C4<1>;
L_0x5606e6ddf000 .functor NOT 1, o0x7ff28ef15588, C4<0>, C4<0>, C4<0>;
L_0x5606e6ddf1d0 .functor AND 1, L_0x5606e6ddf000, L_0x5606e6ddf0e0, C4<1>, C4<1>;
L_0x5606e6ddf290 .functor OR 1, L_0x5606e6ddef90, L_0x5606e6ddf1d0, C4<0>, C4<0>;
v0x5606e6ddbeb0_0 .net *"_s10", 0 0, L_0x5606e6dde240;  1 drivers
v0x5606e6ddbf90_0 .net *"_s13", 0 0, L_0x5606e6dde350;  1 drivers
v0x5606e6ddc070_0 .net *"_s15", 0 0, L_0x5606e6dde3f0;  1 drivers
v0x5606e6ddc130_0 .net *"_s16", 0 0, L_0x5606e6dde5d0;  1 drivers
v0x5606e6ddc210_0 .net *"_s18", 0 0, L_0x5606e6dde6c0;  1 drivers
v0x5606e6ddc320_0 .net *"_s20", 0 0, L_0x5606e6dde7d0;  1 drivers
v0x5606e6ddc3e0_0 .net *"_s23", 0 0, L_0x5606e6dde920;  1 drivers
v0x5606e6ddc4c0_0 .net *"_s24", 0 0, L_0x5606e6dde9c0;  1 drivers
v0x5606e6ddc5a0_0 .net *"_s26", 0 0, L_0x5606e6ddea30;  1 drivers
v0x5606e6ddc660_0 .net *"_s28", 0 0, L_0x5606e6ddeb90;  1 drivers
v0x5606e6ddc720_0 .net *"_s3", 0 0, L_0x5606e6dddf00;  1 drivers
v0x5606e6ddc800_0 .net *"_s34", 0 0, L_0x5606e6ddedd0;  1 drivers
v0x5606e6ddc8e0_0 .net *"_s35", 0 0, L_0x5606e6ddee70;  1 drivers
v0x5606e6ddc9c0_0 .net *"_s37", 0 0, L_0x5606e6ddef90;  1 drivers
v0x5606e6ddca80_0 .net *"_s39", 0 0, L_0x5606e6ddf000;  1 drivers
v0x5606e6ddcb60_0 .net *"_s4", 0 0, L_0x5606e6dddfa0;  1 drivers
v0x5606e6ddcc40_0 .net *"_s42", 0 0, L_0x5606e6ddf0e0;  1 drivers
v0x5606e6ddce30_0 .net *"_s43", 0 0, L_0x5606e6ddf1d0;  1 drivers
v0x5606e6ddcef0_0 .net *"_s45", 0 0, L_0x5606e6ddf290;  1 drivers
v0x5606e6ddcfb0_0 .net *"_s7", 0 0, L_0x5606e6dde060;  1 drivers
v0x5606e6ddd090_0 .net *"_s8", 0 0, L_0x5606e6dde100;  1 drivers
v0x5606e6ddd150_0 .net "in", 0 0, o0x7ff28ef15588;  alias, 0 drivers
v0x5606e6ddd210_0 .net "out", 1 0, L_0x5606e6ddeca0;  alias, 1 drivers
v0x5606e6ddd2d0_0 .net "state", 1 0, v0x5606e6ddb930_0;  alias, 1 drivers
L_0x5606e6dddf00 .part v0x5606e6ddb930_0, 1, 1;
L_0x5606e6dde060 .part v0x5606e6ddb930_0, 0, 1;
L_0x5606e6dde350 .part v0x5606e6ddb930_0, 1, 1;
L_0x5606e6dde3f0 .part v0x5606e6ddb930_0, 0, 1;
L_0x5606e6dde920 .part v0x5606e6ddb930_0, 1, 1;
L_0x5606e6ddeca0 .concat8 [ 1 1 0 0], L_0x5606e6ddf290, L_0x5606e6ddeb90;
L_0x5606e6ddedd0 .part v0x5606e6ddb930_0, 0, 1;
L_0x5606e6ddf0e0 .part v0x5606e6ddb930_0, 0, 1;
S_0x5606e6ddd400 .scope module, "z_mod" "z" 2 14, 5 1 0, S_0x5606e6dc16f0;
 .timescale 0 0;
    .port_info 0 /OUTPUT 2 "out"
    .port_info 1 /INPUT 2 "s"
v0x5606e6ddd5b0_0 .net *"_s3", 0 0, L_0x5606e6ddf470;  1 drivers
v0x5606e6ddd690_0 .net *"_s8", 0 0, L_0x5606e6ddf650;  1 drivers
v0x5606e6ddd770_0 .net "out", 1 0, L_0x5606e6ddf510;  alias, 1 drivers
v0x5606e6ddd860_0 .net "s", 1 0, v0x5606e6ddb930_0;  alias, 1 drivers
L_0x5606e6ddf470 .part v0x5606e6ddb930_0, 1, 1;
L_0x5606e6ddf510 .concat8 [ 1 1 0 0], L_0x5606e6ddf650, L_0x5606e6ddf470;
L_0x5606e6ddf650 .part v0x5606e6ddb930_0, 0, 1;
    .scope S_0x5606e6dc18c0;
T_0 ;
    %pushi/vec4 0, 0, 2;
    %store/vec4 v0x5606e6ddb930_0, 0, 2;
    %end;
    .thread T_0;
    .scope S_0x5606e6dc18c0;
T_1 ;
    %wait E_0x5606e6d8ba70;
    %load/vec4 v0x5606e6ddb840_0;
    %pad/u 32;
    %cmpi/e 1, 0, 32;
    %jmp/0xz  T_1.0, 4;
    %load/vec4 v0x5606e6ddba00_0;
    %store/vec4 v0x5606e6ddb930_0, 0, 2;
T_1.0 ;
    %jmp T_1;
    .thread T_1;
# The file index is used to find the file name in the following table.
:file_names 6;
    "N/A";
    "<interactive>";
    "cntMod4.v";
    "r.v";
    "s.v";
    "z.v";
