#! /usr/bin/vvp
:ivl_version "10.3 (stable)";
:ivl_delay_selection "TYPICAL";
:vpi_time_precision + 0;
:vpi_module "system";
:vpi_module "vhdl_sys";
:vpi_module "v2005_math";
:vpi_module "va_math";
S_0x559bff2b20f0 .scope module, "a" "a" 2 1;
 .timescale 0 0;
    .port_info 0 /OUTPUT 1 "out"
    .port_info 1 /INPUT 1 "in"
    .port_info 2 /INPUT 1 "clk"
L_0x559bff2c47d0 .functor BUFZ 1, L_0x559bff2c4720, C4<0>, C4<0>, C4<0>;
o0x7f9f76bcf018 .functor BUFZ 1, C4<z>; HiZ drive
v0x559bff2c41c0_0 .net "clk", 0 0, o0x7f9f76bcf018;  0 drivers
o0x7f9f76bcf198 .functor BUFZ 1, C4<z>; HiZ drive
v0x559bff2c42b0_0 .net "in", 0 0, o0x7f9f76bcf198;  0 drivers
v0x559bff2c4370_0 .net "out", 0 0, L_0x559bff2c47d0;  1 drivers
v0x559bff2c4440_0 .net "r2s", 0 0, v0x559bff2c39a0_0;  1 drivers
v0x559bff2c4530_0 .net "s2r", 0 0, L_0x559bff2c4720;  1 drivers
S_0x559bff2b22c0 .scope module, "rgst" "r" 2 7, 3 1 0, S_0x559bff2b20f0;
 .timescale 0 0;
    .port_info 0 /OUTPUT 1 "z"
    .port_info 1 /INPUT 1 "x"
    .port_info 2 /INPUT 1 "en"
    .port_info 3 /INPUT 1 "clk"
P_0x559bff2b49c0 .param/l "N" 0 3 4, +C4<00000000000000000000000000000001>;
v0x559bff2b4450_0 .net "clk", 0 0, o0x7f9f76bcf018;  alias, 0 drivers
v0x559bff2c38e0_0 .net "en", 0 0, o0x7f9f76bcf018;  alias, 0 drivers
v0x559bff2c39a0_0 .var "s", 0 0;
v0x559bff2c3a70_0 .net "x", 0 0, L_0x559bff2c4720;  alias, 1 drivers
v0x559bff2c3b30_0 .net "z", 0 0, v0x559bff2c39a0_0;  alias, 1 drivers
E_0x559bff27ca90 .event posedge, v0x559bff2b4450_0;
S_0x559bff2c3ce0 .scope module, "state" "s" 2 8, 4 1 0, S_0x559bff2b20f0;
 .timescale 0 0;
    .port_info 0 /OUTPUT 1 "out"
    .port_info 1 /INPUT 1 "inS"
    .port_info 2 /INPUT 1 "in"
L_0x559bff2c4720 .functor XOR 1, v0x559bff2c39a0_0, o0x7f9f76bcf198, C4<0>, C4<0>;
v0x559bff2c3f20_0 .net "in", 0 0, o0x7f9f76bcf198;  alias, 0 drivers
v0x559bff2c4000_0 .net "inS", 0 0, v0x559bff2c39a0_0;  alias, 1 drivers
v0x559bff2c40c0_0 .net "out", 0 0, L_0x559bff2c4720;  alias, 1 drivers
    .scope S_0x559bff2b22c0;
T_0 ;
    %pushi/vec4 0, 0, 1;
    %store/vec4 v0x559bff2c39a0_0, 0, 1;
    %end;
    .thread T_0;
    .scope S_0x559bff2b22c0;
T_1 ;
    %wait E_0x559bff27ca90;
    %load/vec4 v0x559bff2c38e0_0;
    %pad/u 32;
    %cmpi/e 1, 0, 32;
    %jmp/0xz  T_1.0, 4;
    %load/vec4 v0x559bff2c3a70_0;
    %store/vec4 v0x559bff2c39a0_0, 0, 1;
T_1.0 ;
    %jmp T_1;
    .thread T_1;
# The file index is used to find the file name in the following table.
:file_names 5;
    "N/A";
    "<interactive>";
    "1a.v";
    "r.v";
    "s.v";
