#! /usr/bin/vvp
:ivl_version "10.3 (stable)";
:ivl_delay_selection "TYPICAL";
:vpi_time_precision + 0;
:vpi_module "system";
:vpi_module "vhdl_sys";
:vpi_module "v2005_math";
:vpi_module "va_math";
S_0x5615de06c160 .scope module, "somma" "somma" 2 1;
 .timescale 0 0;
    .port_info 0 /OUTPUT 1 "z"
    .port_info 1 /OUTPUT 1 "rout"
    .port_info 2 /INPUT 1 "rin"
    .port_info 3 /INPUT 1 "x"
    .port_info 4 /INPUT 1 "y"
o0x7f6dd812c498 .functor BUFZ 1, C4<z>; HiZ drive
L_0x5615de0b6f70 .functor NOT 1, o0x7f6dd812c498, C4<0>, C4<0>, C4<0>;
o0x7f6dd812c4f8 .functor BUFZ 1, C4<z>; HiZ drive
L_0x5615de0b7030 .functor NOT 1, o0x7f6dd812c4f8, C4<0>, C4<0>, C4<0>;
L_0x5615de0b7100 .functor AND 1, L_0x5615de0b6f70, L_0x5615de0b7030, C4<1>, C4<1>;
o0x7f6dd812c528 .functor BUFZ 1, C4<z>; HiZ drive
L_0x5615de0b71f0 .functor AND 1, L_0x5615de0b7100, o0x7f6dd812c528, C4<1>, C4<1>;
L_0x5615de0b72e0 .functor NOT 1, o0x7f6dd812c498, C4<0>, C4<0>, C4<0>;
L_0x5615de0b73a0 .functor AND 1, L_0x5615de0b72e0, o0x7f6dd812c4f8, C4<1>, C4<1>;
L_0x5615de0b74f0 .functor NOT 1, o0x7f6dd812c528, C4<0>, C4<0>, C4<0>;
L_0x5615de0b75b0 .functor AND 1, L_0x5615de0b73a0, L_0x5615de0b74f0, C4<1>, C4<1>;
L_0x5615de0b7710 .functor OR 1, L_0x5615de0b71f0, L_0x5615de0b75b0, C4<0>, C4<0>;
L_0x5615de0b7820 .functor NOT 1, o0x7f6dd812c4f8, C4<0>, C4<0>, C4<0>;
L_0x5615de0b78f0 .functor AND 1, o0x7f6dd812c498, L_0x5615de0b7820, C4<1>, C4<1>;
L_0x5615de0b7960 .functor NOT 1, o0x7f6dd812c528, C4<0>, C4<0>, C4<0>;
L_0x5615de0b7a40 .functor AND 1, L_0x5615de0b78f0, L_0x5615de0b7960, C4<1>, C4<1>;
L_0x5615de0b7b50 .functor OR 1, L_0x5615de0b7710, L_0x5615de0b7a40, C4<0>, C4<0>;
L_0x5615de0b79d0 .functor NOT 1, o0x7f6dd812c4f8, C4<0>, C4<0>, C4<0>;
L_0x5615de0b7ce0 .functor AND 1, o0x7f6dd812c498, L_0x5615de0b79d0, C4<1>, C4<1>;
L_0x5615de0b7e70 .functor NOT 1, o0x7f6dd812c528, C4<0>, C4<0>, C4<0>;
L_0x5615de0b7f70 .functor AND 1, L_0x5615de0b7ce0, L_0x5615de0b7e70, C4<1>, C4<1>;
L_0x5615de0b8080 .functor OR 1, L_0x5615de0b7b50, L_0x5615de0b7f70, C4<0>, C4<0>;
L_0x5615de0c83d0 .functor AND 1, o0x7f6dd812c4f8, o0x7f6dd812c528, C4<1>, C4<1>;
L_0x5615de0c84f0 .functor OR 1, o0x7f6dd812c4f8, o0x7f6dd812c528, C4<0>, C4<0>;
v0x5615de06c360_0 .net *"_s0", 0 0, L_0x5615de0b6f70;  1 drivers
v0x5615de0b55a0_0 .net *"_s10", 0 0, L_0x5615de0b73a0;  1 drivers
v0x5615de0b5680_0 .net *"_s12", 0 0, L_0x5615de0b74f0;  1 drivers
v0x5615de0b5770_0 .net *"_s14", 0 0, L_0x5615de0b75b0;  1 drivers
v0x5615de0b5850_0 .net *"_s16", 0 0, L_0x5615de0b7710;  1 drivers
v0x5615de0b5980_0 .net *"_s18", 0 0, L_0x5615de0b7820;  1 drivers
v0x5615de0b5a60_0 .net *"_s2", 0 0, L_0x5615de0b7030;  1 drivers
v0x5615de0b5b40_0 .net *"_s20", 0 0, L_0x5615de0b78f0;  1 drivers
v0x5615de0b5c20_0 .net *"_s22", 0 0, L_0x5615de0b7960;  1 drivers
v0x5615de0b5d00_0 .net *"_s24", 0 0, L_0x5615de0b7a40;  1 drivers
v0x5615de0b5de0_0 .net *"_s26", 0 0, L_0x5615de0b7b50;  1 drivers
v0x5615de0b5ec0_0 .net *"_s28", 0 0, L_0x5615de0b79d0;  1 drivers
v0x5615de0b5fa0_0 .net *"_s30", 0 0, L_0x5615de0b7ce0;  1 drivers
v0x5615de0b6080_0 .net *"_s32", 0 0, L_0x5615de0b7e70;  1 drivers
v0x5615de0b6160_0 .net *"_s34", 0 0, L_0x5615de0b7f70;  1 drivers
v0x5615de0b6240_0 .net *"_s38", 31 0, L_0x5615de0b8190;  1 drivers
v0x5615de0b6320_0 .net *"_s4", 0 0, L_0x5615de0b7100;  1 drivers
L_0x7f6dd80e3018 .functor BUFT 1, C4<0000000000000000000000000000000>, C4<0>, C4<0>, C4<0>;
v0x5615de0b6510_0 .net *"_s41", 30 0, L_0x7f6dd80e3018;  1 drivers
L_0x7f6dd80e3060 .functor BUFT 1, C4<00000000000000000000000000000000>, C4<0>, C4<0>, C4<0>;
v0x5615de0b65f0_0 .net/2u *"_s42", 31 0, L_0x7f6dd80e3060;  1 drivers
v0x5615de0b66d0_0 .net *"_s44", 0 0, L_0x5615de0c8290;  1 drivers
v0x5615de0b6790_0 .net *"_s46", 0 0, L_0x5615de0c83d0;  1 drivers
v0x5615de0b6870_0 .net *"_s48", 0 0, L_0x5615de0c84f0;  1 drivers
v0x5615de0b6950_0 .net *"_s6", 0 0, L_0x5615de0b71f0;  1 drivers
v0x5615de0b6a30_0 .net *"_s8", 0 0, L_0x5615de0b72e0;  1 drivers
v0x5615de0b6b10_0 .net "rin", 0 0, o0x7f6dd812c498;  0 drivers
v0x5615de0b6bd0_0 .net "rout", 0 0, L_0x5615de0b7fe0;  1 drivers
v0x5615de0b6c90_0 .net "x", 0 0, o0x7f6dd812c4f8;  0 drivers
v0x5615de0b6d50_0 .net "y", 0 0, o0x7f6dd812c528;  0 drivers
v0x5615de0b6e10_0 .net "z", 0 0, L_0x5615de0b8080;  1 drivers
L_0x5615de0b8190 .concat [ 1 31 0 0], o0x7f6dd812c498, L_0x7f6dd80e3018;
L_0x5615de0c8290 .cmp/eq 32, L_0x5615de0b8190, L_0x7f6dd80e3060;
L_0x5615de0b7fe0 .functor MUXZ 1, L_0x5615de0c84f0, L_0x5615de0c83d0, L_0x5615de0c8290, C4<>;
# The file index is used to find the file name in the following table.
:file_names 3;
    "N/A";
    "<interactive>";
    "1a.v";
