#! /usr/bin/vvp
:ivl_version "10.3 (stable)";
:ivl_delay_selection "TYPICAL";
:vpi_time_precision + 0;
:vpi_module "system";
:vpi_module "vhdl_sys";
:vpi_module "v2005_math";
:vpi_module "va_math";
S_0x5583b3fc0e00 .scope module, "testD" "testD" 2 1;
 .timescale 0 0;
v0x5583b3fd5670_0 .var "clock", 0 0;
v0x5583b3fd5730_0 .var "d", 0 0;
v0x5583b3fd5800_0 .net "notq", 0 0, L_0x5583b3fd60b0;  1 drivers
v0x5583b3fd5920_0 .net "q", 0 0, L_0x5583b3fd6040;  1 drivers
S_0x5583b3fc0f80 .scope module, "dlatch" "D" 2 6, 3 1 0, S_0x5583b3fc0e00;
 .timescale 0 0;
    .port_info 0 /OUTPUT 1 "q"
    .port_info 1 /OUTPUT 1 "nq"
    .port_info 2 /INPUT 1 "clock"
    .port_info 3 /INPUT 1 "d"
L_0x5583b3fd5a10 .functor NOT 1, v0x5583b3fd5730_0, C4<0>, C4<0>, C4<0>;
L_0x5583b3fd5ad0 .functor AND 1, v0x5583b3fd5670_0, L_0x5583b3fd5a10, C4<1>, C4<1>;
L_0x5583b3fd5c30 .functor AND 1, v0x5583b3fd5670_0, v0x5583b3fd5730_0, C4<1>, C4<1>;
v0x5583b3fd50b0_0 .net *"_s0", 0 0, L_0x5583b3fd5a10;  1 drivers
v0x5583b3fd51b0_0 .net "clock", 0 0, v0x5583b3fd5670_0;  1 drivers
v0x5583b3fd5270_0 .net "d", 0 0, v0x5583b3fd5730_0;  1 drivers
v0x5583b3fd5310_0 .net "nq", 0 0, L_0x5583b3fd60b0;  alias, 1 drivers
v0x5583b3fd53b0_0 .net "q", 0 0, L_0x5583b3fd6040;  alias, 1 drivers
v0x5583b3fd54a0_0 .net "r", 0 0, L_0x5583b3fd5ad0;  1 drivers
v0x5583b3fd5570_0 .net "s", 0 0, L_0x5583b3fd5c30;  1 drivers
S_0x5583b3f8a030 .scope module, "sr" "SR" 3 11, 4 1 0, S_0x5583b3fc0f80;
 .timescale 0 0;
    .port_info 0 /OUTPUT 1 "q"
    .port_info 1 /OUTPUT 1 "nq"
    .port_info 2 /INPUT 1 "s"
    .port_info 3 /INPUT 1 "r"
L_0x5583b3fd5cf0 .functor OR 1, L_0x5583b3fd5ad0, L_0x5583b3fd5f00, C4<0>, C4<0>;
L_0x5583b3fd5d80 .functor OR 1, L_0x5583b3fd5c30, L_0x5583b3fd5df0, C4<0>, C4<0>;
L_0x5583b3fd5df0 .functor NOT 1, L_0x5583b3fd5cf0, C4<0>, C4<0>, C4<0>;
L_0x5583b3fd5f00 .functor NOT 1, L_0x5583b3fd5d80, C4<0>, C4<0>, C4<0>;
L_0x5583b3fd6040 .functor BUFZ 1, L_0x5583b3fd5df0, C4<0>, C4<0>, C4<0>;
L_0x5583b3fd60b0 .functor BUFZ 1, L_0x5583b3fd5f00, C4<0>, C4<0>, C4<0>;
v0x5583b3f8a270_0 .net "nq", 0 0, L_0x5583b3fd60b0;  alias, 1 drivers
v0x5583b3fd4ac0_0 .net "nw1", 0 0, L_0x5583b3fd5df0;  1 drivers
v0x5583b3fd4b80_0 .net "nw2", 0 0, L_0x5583b3fd5f00;  1 drivers
v0x5583b3fd4c20_0 .net "q", 0 0, L_0x5583b3fd6040;  alias, 1 drivers
v0x5583b3fd4ce0_0 .net "r", 0 0, L_0x5583b3fd5ad0;  alias, 1 drivers
v0x5583b3fd4df0_0 .net "s", 0 0, L_0x5583b3fd5c30;  alias, 1 drivers
v0x5583b3fd4eb0_0 .net "w1", 0 0, L_0x5583b3fd5cf0;  1 drivers
v0x5583b3fd4f70_0 .net "w2", 0 0, L_0x5583b3fd5d80;  1 drivers
    .scope S_0x5583b3fc0e00;
T_0 ;
    %delay 1, 0;
    %load/vec4 v0x5583b3fd5670_0;
    %inv;
    %store/vec4 v0x5583b3fd5670_0, 0, 1;
    %jmp T_0;
    .thread T_0;
    .scope S_0x5583b3fc0e00;
T_1 ;
    %vpi_call 2 15 "$dumpfile", "test.vcd" {0 0 0};
    %vpi_call 2 16 "$dumpvars" {0 0 0};
    %pushi/vec4 0, 0, 1;
    %store/vec4 v0x5583b3fd5670_0, 0, 1;
    %pushi/vec4 0, 0, 1;
    %store/vec4 v0x5583b3fd5730_0, 0, 1;
    %delay 1, 0;
    %pushi/vec4 1, 0, 1;
    %store/vec4 v0x5583b3fd5730_0, 0, 1;
    %delay 2, 0;
    %pushi/vec4 0, 0, 1;
    %store/vec4 v0x5583b3fd5730_0, 0, 1;
    %delay 2, 0;
    %pushi/vec4 1, 0, 1;
    %store/vec4 v0x5583b3fd5730_0, 0, 1;
    %delay 5, 0;
    %vpi_call 2 27 "$finish" {0 0 0};
    %end;
    .thread T_1;
# The file index is used to find the file name in the following table.
:file_names 5;
    "N/A";
    "<interactive>";
    "testD.v";
    "1a.v";
    "latchSR.v";
